  Firma.cpp
D:\Adam\School\IT3\PRP - Roh\Firma\Firma\Firma.cpp(63,20): warning C4018: <: signed/unsigned – neshoda
  main.cpp
D:\Adam\School\IT3\PRP - Roh\Firma\Firma\main.cpp(13,57): error C2679: Binární <<: Nenašel se žádný operátor, který by zpracovával pravý operand typu Firma (nebo neexistuje žádný přijatelný převod).
G:\Visual Studio\VC\Tools\MSVC\14.28.29333\include\ostream(465,39): message : mohlo by být: std::basic_ostream<char,std::char_traits<char>> &std::basic_ostream<char,std::char_traits<char>>::operator <<(std::basic_streambuf<char,std::char_traits<char>> *)
G:\Visual Studio\VC\Tools\MSVC\14.28.29333\include\ostream(440,39): message : nebo       std::basic_ostream<char,std::char_traits<char>> &std::basic_ostream<char,std::char_traits<char>>::operator <<(const void *)
G:\Visual Studio\VC\Tools\MSVC\14.28.29333\include\ostream(422,39): message : nebo       std::basic_ostream<char,std::char_traits<char>> &std::basic_ostream<char,std::char_traits<char>>::operator <<(long double)
G:\Visual Studio\VC\Tools\MSVC\14.28.29333\include\ostream(404,39): message : nebo       std::basic_ostream<char,std::char_traits<char>> &std::basic_ostream<char,std::char_traits<char>>::operator <<(double)
G:\Visual Studio\VC\Tools\MSVC\14.28.29333\include\ostream(386,39): message : nebo       std::basic_ostream<char,std::char_traits<char>> &std::basic_ostream<char,std::char_traits<char>>::operator <<(float)
G:\Visual Studio\VC\Tools\MSVC\14.28.29333\include\ostream(368,39): message : nebo       std::basic_ostream<char,std::char_traits<char>> &std::basic_ostream<char,std::char_traits<char>>::operator <<(unsigned __int64)
G:\Visual Studio\VC\Tools\MSVC\14.28.29333\include\ostream(350,39): message : nebo       std::basic_ostream<char,std::char_traits<char>> &std::basic_ostream<char,std::char_traits<char>>::operator <<(__int64)
G:\Visual Studio\VC\Tools\MSVC\14.28.29333\include\ostream(332,39): message : nebo       std::basic_ostream<char,std::char_traits<char>> &std::basic_ostream<char,std::char_traits<char>>::operator <<(unsigned long)
G:\Visual Studio\VC\Tools\MSVC\14.28.29333\include\ostream(314,39): message : nebo       std::basic_ostream<char,std::char_traits<char>> &std::basic_ostream<char,std::char_traits<char>>::operator <<(long)
G:\Visual Studio\VC\Tools\MSVC\14.28.29333\include\ostream(295,39): message : nebo       std::basic_ostream<char,std::char_traits<char>> &std::basic_ostream<char,std::char_traits<char>>::operator <<(unsigned int)
G:\Visual Studio\VC\Tools\MSVC\14.28.29333\include\ostream(269,39): message : nebo       std::basic_ostream<char,std::char_traits<char>> &std::basic_ostream<char,std::char_traits<char>>::operator <<(int)
G:\Visual Studio\VC\Tools\MSVC\14.28.29333\include\ostream(250,39): message : nebo       std::basic_ostream<char,std::char_traits<char>> &std::basic_ostream<char,std::char_traits<char>>::operator <<(unsigned short)
G:\Visual Studio\VC\Tools\MSVC\14.28.29333\include\ostream(216,39): message : nebo       std::basic_ostream<char,std::char_traits<char>> &std::basic_ostream<char,std::char_traits<char>>::operator <<(short)
G:\Visual Studio\VC\Tools\MSVC\14.28.29333\include\ostream(198,39): message : nebo       std::basic_ostream<char,std::char_traits<char>> &std::basic_ostream<char,std::char_traits<char>>::operator <<(bool)
G:\Visual Studio\VC\Tools\MSVC\14.28.29333\include\ostream(193,39): message : nebo       std::basic_ostream<char,std::char_traits<char>> &std::basic_ostream<char,std::char_traits<char>>::operator <<(std::ios_base &(__cdecl *)(std::ios_base &))
G:\Visual Studio\VC\Tools\MSVC\14.28.29333\include\ostream(188,39): message : nebo       std::basic_ostream<char,std::char_traits<char>> &std::basic_ostream<char,std::char_traits<char>>::operator <<(std::basic_ios<char,std::char_traits<char>> &(__cdecl *)(std::basic_ios<char,std::char_traits<char>> &))
G:\Visual Studio\VC\Tools\MSVC\14.28.29333\include\ostream(183,39): message : nebo       std::basic_ostream<char,std::char_traits<char>> &std::basic_ostream<char,std::char_traits<char>>::operator <<(std::basic_ostream<char,std::char_traits<char>> &(__cdecl *)(std::basic_ostream<char,std::char_traits<char>> &))
G:\Visual Studio\VC\Tools\MSVC\14.28.29333\include\ostream(653,32): message : nebo       std::basic_ostream<char,std::char_traits<char>> &std::operator <<<char,std::char_traits<char>>(std::basic_ostream<char,std::char_traits<char>> &,const char *)
G:\Visual Studio\VC\Tools\MSVC\14.28.29333\include\ostream(697,32): message : nebo       std::basic_ostream<char,std::char_traits<char>> &std::operator <<<char,std::char_traits<char>>(std::basic_ostream<char,std::char_traits<char>> &,char)
G:\Visual Studio\VC\Tools\MSVC\14.28.29333\include\ostream(733,31): message : nebo       std::basic_ostream<char,std::char_traits<char>> &std::operator <<<std::char_traits<char>>(std::basic_ostream<char,std::char_traits<char>> &,const char *)
G:\Visual Studio\VC\Tools\MSVC\14.28.29333\include\ostream(778,31): message : nebo       std::basic_ostream<char,std::char_traits<char>> &std::operator <<<std::char_traits<char>>(std::basic_ostream<char,std::char_traits<char>> &,char)
G:\Visual Studio\VC\Tools\MSVC\14.28.29333\include\ostream(895,31): message : nebo       std::basic_ostream<char,std::char_traits<char>> &std::operator <<<std::char_traits<char>>(std::basic_ostream<char,std::char_traits<char>> &,const signed char *)
G:\Visual Studio\VC\Tools\MSVC\14.28.29333\include\ostream(901,31): message : nebo       std::basic_ostream<char,std::char_traits<char>> &std::operator <<<std::char_traits<char>>(std::basic_ostream<char,std::char_traits<char>> &,signed char)
G:\Visual Studio\VC\Tools\MSVC\14.28.29333\include\ostream(906,31): message : nebo       std::basic_ostream<char,std::char_traits<char>> &std::operator <<<std::char_traits<char>>(std::basic_ostream<char,std::char_traits<char>> &,const unsigned char *)
G:\Visual Studio\VC\Tools\MSVC\14.28.29333\include\ostream(912,31): message : nebo       std::basic_ostream<char,std::char_traits<char>> &std::operator <<<std::char_traits<char>>(std::basic_ostream<char,std::char_traits<char>> &,unsigned char)
G:\Visual Studio\VC\Tools\MSVC\14.28.29333\include\ostream(998,32): message : nebo       std::basic_ostream<char,std::char_traits<char>> &std::operator <<<char,std::char_traits<char>>(std::basic_ostream<char,std::char_traits<char>> &,const std::error_code &)
D:\Adam\School\IT3\PRP - Roh\Firma\Firma\main.cpp(14,9): message : při pokusu o shodu se seznamem argumentů (std::basic_ostream<char,std::char_traits<char>>, Firma)
D:\Adam\School\IT3\PRP - Roh\Firma\Firma\main.cpp(16,60): error C2679: Binární <<: Nenašel se žádný operátor, který by zpracovával pravý operand typu Firma (nebo neexistuje žádný přijatelný převod).
G:\Visual Studio\VC\Tools\MSVC\14.28.29333\include\ostream(465,39): message : mohlo by být: std::basic_ostream<char,std::char_traits<char>> &std::basic_ostream<char,std::char_traits<char>>::operator <<(std::basic_streambuf<char,std::char_traits<char>> *)
G:\Visual Studio\VC\Tools\MSVC\14.28.29333\include\ostream(440,39): message : nebo       std::basic_ostream<char,std::char_traits<char>> &std::basic_ostream<char,std::char_traits<char>>::operator <<(const void *)
G:\Visual Studio\VC\Tools\MSVC\14.28.29333\include\ostream(422,39): message : nebo       std::basic_ostream<char,std::char_traits<char>> &std::basic_ostream<char,std::char_traits<char>>::operator <<(long double)
G:\Visual Studio\VC\Tools\MSVC\14.28.29333\include\ostream(404,39): message : nebo       std::basic_ostream<char,std::char_traits<char>> &std::basic_ostream<char,std::char_traits<char>>::operator <<(double)
G:\Visual Studio\VC\Tools\MSVC\14.28.29333\include\ostream(386,39): message : nebo       std::basic_ostream<char,std::char_traits<char>> &std::basic_ostream<char,std::char_traits<char>>::operator <<(float)
G:\Visual Studio\VC\Tools\MSVC\14.28.29333\include\ostream(368,39): message : nebo       std::basic_ostream<char,std::char_traits<char>> &std::basic_ostream<char,std::char_traits<char>>::operator <<(unsigned __int64)
G:\Visual Studio\VC\Tools\MSVC\14.28.29333\include\ostream(350,39): message : nebo       std::basic_ostream<char,std::char_traits<char>> &std::basic_ostream<char,std::char_traits<char>>::operator <<(__int64)
G:\Visual Studio\VC\Tools\MSVC\14.28.29333\include\ostream(332,39): message : nebo       std::basic_ostream<char,std::char_traits<char>> &std::basic_ostream<char,std::char_traits<char>>::operator <<(unsigned long)
G:\Visual Studio\VC\Tools\MSVC\14.28.29333\include\ostream(314,39): message : nebo       std::basic_ostream<char,std::char_traits<char>> &std::basic_ostream<char,std::char_traits<char>>::operator <<(long)
G:\Visual Studio\VC\Tools\MSVC\14.28.29333\include\ostream(295,39): message : nebo       std::basic_ostream<char,std::char_traits<char>> &std::basic_ostream<char,std::char_traits<char>>::operator <<(unsigned int)
G:\Visual Studio\VC\Tools\MSVC\14.28.29333\include\ostream(269,39): message : nebo       std::basic_ostream<char,std::char_traits<char>> &std::basic_ostream<char,std::char_traits<char>>::operator <<(int)
G:\Visual Studio\VC\Tools\MSVC\14.28.29333\include\ostream(250,39): message : nebo       std::basic_ostream<char,std::char_traits<char>> &std::basic_ostream<char,std::char_traits<char>>::operator <<(unsigned short)
G:\Visual Studio\VC\Tools\MSVC\14.28.29333\include\ostream(216,39): message : nebo       std::basic_ostream<char,std::char_traits<char>> &std::basic_ostream<char,std::char_traits<char>>::operator <<(short)
G:\Visual Studio\VC\Tools\MSVC\14.28.29333\include\ostream(198,39): message : nebo       std::basic_ostream<char,std::char_traits<char>> &std::basic_ostream<char,std::char_traits<char>>::operator <<(bool)
G:\Visual Studio\VC\Tools\MSVC\14.28.29333\include\ostream(193,39): message : nebo       std::basic_ostream<char,std::char_traits<char>> &std::basic_ostream<char,std::char_traits<char>>::operator <<(std::ios_base &(__cdecl *)(std::ios_base &))
G:\Visual Studio\VC\Tools\MSVC\14.28.29333\include\ostream(188,39): message : nebo       std::basic_ostream<char,std::char_traits<char>> &std::basic_ostream<char,std::char_traits<char>>::operator <<(std::basic_ios<char,std::char_traits<char>> &(__cdecl *)(std::basic_ios<char,std::char_traits<char>> &))
G:\Visual Studio\VC\Tools\MSVC\14.28.29333\include\ostream(183,39): message : nebo       std::basic_ostream<char,std::char_traits<char>> &std::basic_ostream<char,std::char_traits<char>>::operator <<(std::basic_ostream<char,std::char_traits<char>> &(__cdecl *)(std::basic_ostream<char,std::char_traits<char>> &))
G:\Visual Studio\VC\Tools\MSVC\14.28.29333\include\ostream(653,32): message : nebo       std::basic_ostream<char,std::char_traits<char>> &std::operator <<<char,std::char_traits<char>>(std::basic_ostream<char,std::char_traits<char>> &,const char *)
G:\Visual Studio\VC\Tools\MSVC\14.28.29333\include\ostream(697,32): message : nebo       std::basic_ostream<char,std::char_traits<char>> &std::operator <<<char,std::char_traits<char>>(std::basic_ostream<char,std::char_traits<char>> &,char)
G:\Visual Studio\VC\Tools\MSVC\14.28.29333\include\ostream(733,31): message : nebo       std::basic_ostream<char,std::char_traits<char>> &std::operator <<<std::char_traits<char>>(std::basic_ostream<char,std::char_traits<char>> &,const char *)
G:\Visual Studio\VC\Tools\MSVC\14.28.29333\include\ostream(778,31): message : nebo       std::basic_ostream<char,std::char_traits<char>> &std::operator <<<std::char_traits<char>>(std::basic_ostream<char,std::char_traits<char>> &,char)
G:\Visual Studio\VC\Tools\MSVC\14.28.29333\include\ostream(895,31): message : nebo       std::basic_ostream<char,std::char_traits<char>> &std::operator <<<std::char_traits<char>>(std::basic_ostream<char,std::char_traits<char>> &,const signed char *)
G:\Visual Studio\VC\Tools\MSVC\14.28.29333\include\ostream(901,31): message : nebo       std::basic_ostream<char,std::char_traits<char>> &std::operator <<<std::char_traits<char>>(std::basic_ostream<char,std::char_traits<char>> &,signed char)
G:\Visual Studio\VC\Tools\MSVC\14.28.29333\include\ostream(906,31): message : nebo       std::basic_ostream<char,std::char_traits<char>> &std::operator <<<std::char_traits<char>>(std::basic_ostream<char,std::char_traits<char>> &,const unsigned char *)
G:\Visual Studio\VC\Tools\MSVC\14.28.29333\include\ostream(912,31): message : nebo       std::basic_ostream<char,std::char_traits<char>> &std::operator <<<std::char_traits<char>>(std::basic_ostream<char,std::char_traits<char>> &,unsigned char)
G:\Visual Studio\VC\Tools\MSVC\14.28.29333\include\ostream(998,32): message : nebo       std::basic_ostream<char,std::char_traits<char>> &std::operator <<<char,std::char_traits<char>>(std::basic_ostream<char,std::char_traits<char>> &,const std::error_code &)
D:\Adam\School\IT3\PRP - Roh\Firma\Firma\main.cpp(17,9): message : při pokusu o shodu se seznamem argumentů (std::basic_ostream<char,std::char_traits<char>>, Firma)
D:\Adam\School\IT3\PRP - Roh\Firma\Firma\main.cpp(19,60): error C2679: Binární <<: Nenašel se žádný operátor, který by zpracovával pravý operand typu Firma (nebo neexistuje žádný přijatelný převod).
G:\Visual Studio\VC\Tools\MSVC\14.28.29333\include\ostream(465,39): message : mohlo by být: std::basic_ostream<char,std::char_traits<char>> &std::basic_ostream<char,std::char_traits<char>>::operator <<(std::basic_streambuf<char,std::char_traits<char>> *)
G:\Visual Studio\VC\Tools\MSVC\14.28.29333\include\ostream(440,39): message : nebo       std::basic_ostream<char,std::char_traits<char>> &std::basic_ostream<char,std::char_traits<char>>::operator <<(const void *)
G:\Visual Studio\VC\Tools\MSVC\14.28.29333\include\ostream(422,39): message : nebo       std::basic_ostream<char,std::char_traits<char>> &std::basic_ostream<char,std::char_traits<char>>::operator <<(long double)
G:\Visual Studio\VC\Tools\MSVC\14.28.29333\include\ostream(404,39): message : nebo       std::basic_ostream<char,std::char_traits<char>> &std::basic_ostream<char,std::char_traits<char>>::operator <<(double)
G:\Visual Studio\VC\Tools\MSVC\14.28.29333\include\ostream(386,39): message : nebo       std::basic_ostream<char,std::char_traits<char>> &std::basic_ostream<char,std::char_traits<char>>::operator <<(float)
G:\Visual Studio\VC\Tools\MSVC\14.28.29333\include\ostream(368,39): message : nebo       std::basic_ostream<char,std::char_traits<char>> &std::basic_ostream<char,std::char_traits<char>>::operator <<(unsigned __int64)
G:\Visual Studio\VC\Tools\MSVC\14.28.29333\include\ostream(350,39): message : nebo       std::basic_ostream<char,std::char_traits<char>> &std::basic_ostream<char,std::char_traits<char>>::operator <<(__int64)
G:\Visual Studio\VC\Tools\MSVC\14.28.29333\include\ostream(332,39): message : nebo       std::basic_ostream<char,std::char_traits<char>> &std::basic_ostream<char,std::char_traits<char>>::operator <<(unsigned long)
G:\Visual Studio\VC\Tools\MSVC\14.28.29333\include\ostream(314,39): message : nebo       std::basic_ostream<char,std::char_traits<char>> &std::basic_ostream<char,std::char_traits<char>>::operator <<(long)
G:\Visual Studio\VC\Tools\MSVC\14.28.29333\include\ostream(295,39): message : nebo       std::basic_ostream<char,std::char_traits<char>> &std::basic_ostream<char,std::char_traits<char>>::operator <<(unsigned int)
G:\Visual Studio\VC\Tools\MSVC\14.28.29333\include\ostream(269,39): message : nebo       std::basic_ostream<char,std::char_traits<char>> &std::basic_ostream<char,std::char_traits<char>>::operator <<(int)
G:\Visual Studio\VC\Tools\MSVC\14.28.29333\include\ostream(250,39): message : nebo       std::basic_ostream<char,std::char_traits<char>> &std::basic_ostream<char,std::char_traits<char>>::operator <<(unsigned short)
G:\Visual Studio\VC\Tools\MSVC\14.28.29333\include\ostream(216,39): message : nebo       std::basic_ostream<char,std::char_traits<char>> &std::basic_ostream<char,std::char_traits<char>>::operator <<(short)
G:\Visual Studio\VC\Tools\MSVC\14.28.29333\include\ostream(198,39): message : nebo       std::basic_ostream<char,std::char_traits<char>> &std::basic_ostream<char,std::char_traits<char>>::operator <<(bool)
G:\Visual Studio\VC\Tools\MSVC\14.28.29333\include\ostream(193,39): message : nebo       std::basic_ostream<char,std::char_traits<char>> &std::basic_ostream<char,std::char_traits<char>>::operator <<(std::ios_base &(__cdecl *)(std::ios_base &))
G:\Visual Studio\VC\Tools\MSVC\14.28.29333\include\ostream(188,39): message : nebo       std::basic_ostream<char,std::char_traits<char>> &std::basic_ostream<char,std::char_traits<char>>::operator <<(std::basic_ios<char,std::char_traits<char>> &(__cdecl *)(std::basic_ios<char,std::char_traits<char>> &))
G:\Visual Studio\VC\Tools\MSVC\14.28.29333\include\ostream(183,39): message : nebo       std::basic_ostream<char,std::char_traits<char>> &std::basic_ostream<char,std::char_traits<char>>::operator <<(std::basic_ostream<char,std::char_traits<char>> &(__cdecl *)(std::basic_ostream<char,std::char_traits<char>> &))
G:\Visual Studio\VC\Tools\MSVC\14.28.29333\include\ostream(653,32): message : nebo       std::basic_ostream<char,std::char_traits<char>> &std::operator <<<char,std::char_traits<char>>(std::basic_ostream<char,std::char_traits<char>> &,const char *)
G:\Visual Studio\VC\Tools\MSVC\14.28.29333\include\ostream(697,32): message : nebo       std::basic_ostream<char,std::char_traits<char>> &std::operator <<<char,std::char_traits<char>>(std::basic_ostream<char,std::char_traits<char>> &,char)
G:\Visual Studio\VC\Tools\MSVC\14.28.29333\include\ostream(733,31): message : nebo       std::basic_ostream<char,std::char_traits<char>> &std::operator <<<std::char_traits<char>>(std::basic_ostream<char,std::char_traits<char>> &,const char *)
G:\Visual Studio\VC\Tools\MSVC\14.28.29333\include\ostream(778,31): message : nebo       std::basic_ostream<char,std::char_traits<char>> &std::operator <<<std::char_traits<char>>(std::basic_ostream<char,std::char_traits<char>> &,char)
G:\Visual Studio\VC\Tools\MSVC\14.28.29333\include\ostream(895,31): message : nebo       std::basic_ostream<char,std::char_traits<char>> &std::operator <<<std::char_traits<char>>(std::basic_ostream<char,std::char_traits<char>> &,const signed char *)
G:\Visual Studio\VC\Tools\MSVC\14.28.29333\include\ostream(901,31): message : nebo       std::basic_ostream<char,std::char_traits<char>> &std::operator <<<std::char_traits<char>>(std::basic_ostream<char,std::char_traits<char>> &,signed char)
G:\Visual Studio\VC\Tools\MSVC\14.28.29333\include\ostream(906,31): message : nebo       std::basic_ostream<char,std::char_traits<char>> &std::operator <<<std::char_traits<char>>(std::basic_ostream<char,std::char_traits<char>> &,const unsigned char *)
G:\Visual Studio\VC\Tools\MSVC\14.28.29333\include\ostream(912,31): message : nebo       std::basic_ostream<char,std::char_traits<char>> &std::operator <<<std::char_traits<char>>(std::basic_ostream<char,std::char_traits<char>> &,unsigned char)
G:\Visual Studio\VC\Tools\MSVC\14.28.29333\include\ostream(998,32): message : nebo       std::basic_ostream<char,std::char_traits<char>> &std::operator <<<char,std::char_traits<char>>(std::basic_ostream<char,std::char_traits<char>> &,const std::error_code &)
D:\Adam\School\IT3\PRP - Roh\Firma\Firma\main.cpp(20,9): message : při pokusu o shodu se seznamem argumentů (std::basic_ostream<char,std::char_traits<char>>, Firma)
  Generování kódu...
D:\Adam\School\IT3\PRP - Roh\Firma\Firma\Firma.cpp(82): warning C4715: Firma::kontrolaNazev: ne všechny cesty k ovládacím prvkům vrací hodnotu
